<?xml version="1.0" encoding="UTF-8"?>
<!-- Generated by org.testng.reporters.JUnitReportReporter -->
<testsuite skipped="1" hostname="GDC-UmeshK-LPT" name="test.executeTest" tests="1" failures="0" timestamp="12 Sep 2019 13:39:39 GMT" time="0.000" errors="0">
  <testcase name="TestCaseA" time="0.000" classname="test.executeTest">
    <skipped/>
  </testcase> <!-- TestCaseA -->
</testsuite> <!-- test.executeTest -->
